<?xml version="1.0" encoding="UTF-8"?>
<testng-results ignored="0" total="1" passed="1" failed="0" skipped="0">
  <reporter-output>
  </reporter-output>
  <suite started-at="2024-01-05T12:20:52 IST" name="Default suite" finished-at="2024-01-05T12:20:52 IST" duration-ms="61">
    <groups>
    </groups>
    <test started-at="2024-01-05T12:20:52 IST" name="Default test" finished-at="2024-01-05T12:20:52 IST" duration-ms="61">
      <class name="Testcases.Demo">
        <test-method signature="Testcase1()[pri:0, instance:Testcases.Demo@71a8adcf]" started-at="2024-01-05T12:20:52 IST" name="Testcase1" finished-at="2024-01-05T12:20:52 IST" duration-ms="14" status="PASS">
          <reporter-output>
          </reporter-output>
        </test-method> <!-- Testcase1 -->
      </class> <!-- Testcases.Demo -->
    </test> <!-- Default test -->
  </suite> <!-- Default suite -->
</testng-results>
